<?xml version="1.0" encoding="UTF-8"?>
<testng-results ignored="0" total="1" passed="1" failed="0" skipped="0">
  <reporter-output>
  </reporter-output>
  <suite started-at="2024-03-14T13:43:51 GST" name="All Test Suite" finished-at="2024-03-14T13:44:10 GST" duration-ms="18328">
    <groups>
    </groups>
    <test started-at="2024-03-14T13:43:51 GST" name="test" finished-at="2024-03-14T13:44:10 GST" duration-ms="18328">
      <class name="test.PolicyJourneyTest">
        <test-method is-config="true" signature="initApp(java.lang.String)[pri:0, instance:test.PolicyJourneyTest@15b204a1]" started-at="2024-03-14T13:43:51 GST" name="initApp" finished-at="2024-03-14T13:43:54 GST" duration-ms="3195" status="PASS">
          <params>
            <param index="0">
              <value>
                <![CDATA[chrome]]>
              </value>
            </param>
          </params>
          <reporter-output>
          </reporter-output>
        </test-method> <!-- initApp -->
        <test-method signature="policyJourneyTest()[pri:0, instance:test.PolicyJourneyTest@15b204a1]" started-at="2024-03-14T13:43:54 GST" name="policyJourneyTest" finished-at="2024-03-14T13:44:09 GST" duration-ms="15008" status="PASS">
          <reporter-output>
          </reporter-output>
        </test-method> <!-- policyJourneyTest -->
        <test-method is-config="true" signature="browserClose()[pri:0, instance:test.PolicyJourneyTest@15b204a1]" started-at="2024-03-14T13:44:09 GST" name="browserClose" finished-at="2024-03-14T13:44:10 GST" duration-ms="110" status="PASS">
          <reporter-output>
          </reporter-output>
        </test-method> <!-- browserClose -->
      </class> <!-- test.PolicyJourneyTest -->
    </test> <!-- test -->
  </suite> <!-- All Test Suite -->
</testng-results>
